2024-08-06 03:11:02 [백엔드 맛보기] info : info
2024-08-06 03:11:02 [백엔드 맛보기] info : 3000 포트에서 서버가 가동되었습니다.
2024-08-06 03:12:02 [백엔드 맛보기] info : info
2024-08-06 03:12:02 [백엔드 맛보기] info : 3000 포트에서 서버가 가동되었습니다.
2024-08-06 03:12:02 [백엔드 맛보기] info : 3000 포트에서 서버가 가동되었습니다.
2024-08-06 03:15:02 [백엔드 맛보기] info : 3000 포트에서 서버가 가동되었습니다.
2024-08-06 03:16:02 [백엔드 맛보기] info : 3000 포트에서 서버가 가동되었습니다.
2024-08-06 03:16:02 [백엔드 맛보기] info : 3000 포트에서 서버가 가동되었습니다.
2024-08-06 03:16:02 [백엔드 맛보기] info : 3000 포트에서 서버가 가동되었습니다.
2024-08-06 03:16:02 [백엔드 맛보기] info : GET / 200 "로그인 화면으로 이동"
2024-08-06 03:17:02 [백엔드 맛보기] info : 3000 포트에서 서버가 가동되었습니다.
2024-08-06 03:17:02 [백엔드 맛보기] info : 3000 포트에서 서버가 가동되었습니다.
2024-08-06 03:17:02 [백엔드 맛보기] info : 3000 포트에서 서버가 가동되었습니다.
2024-08-06 03:17:02 [백엔드 맛보기] info : GET / 200 "로그인 화면으로 이동"
2024-08-06 03:18:02 [백엔드 맛보기] info : POST /login 200 Response: "success: true, msg: undefined"
2024-08-06 03:18:02 [백엔드 맛보기] info : GET / 200 "홈 화면으로 이동"
2024-08-06 03:19:02 [백엔드 맛보기] info : 3000 포트에서 서버가 가동되었습니다.
2024-08-06 03:19:02 [백엔드 맛보기] info : POST /login 200 Response: "success: false, msg: TypeError: Cannot destructure property 'id' of '(intermediate value)' as it is undefined."
2024-08-06 03:19:02 [백엔드 맛보기] info : GET / 200 "로그인 화면으로 이동"
2024-08-06 03:19:02 [백엔드 맛보기] info : 3000 포트에서 서버가 가동되었습니다.
2024-08-06 03:19:02 [백엔드 맛보기] info : 3000 포트에서 서버가 가동되었습니다.
2024-08-06 03:19:02 [백엔드 맛보기] info : POST /login 200 Response: "success: false, msg: 비밀번호가 틀렸습니다"
2024-08-06 03:20:02 [백엔드 맛보기] info : 3000 포트에서 서버가 가동되었습니다.
2024-08-06 03:20:02 [백엔드 맛보기] info : 3000 포트에서 서버가 가동되었습니다.
2024-08-06 03:20:02 [백엔드 맛보기] info : 3000 포트에서 서버가 가동되었습니다.
2024-08-06 03:20:02 [백엔드 맛보기] info : POST /login 200 Response: "success: false, msg: Error: ER_NO_SUCH_TABLE: Table 'jes_first_site.abc' doesn't exist"
2024-08-06 03:21:02 [백엔드 맛보기] info : 3000 포트에서 서버가 가동되었습니다.
2024-08-06 03:22:02 [백엔드 맛보기] info : 3000 포트에서 서버가 가동되었습니다.
2024-08-06 03:22:02 [백엔드 맛보기] info : 3000 포트에서 서버가 가동되었습니다.
2024-08-06 03:23:02 [백엔드 맛보기] info : 3000 포트에서 서버가 가동되었습니다.
2024-08-06 03:23:02 [백엔드 맛보기] error : POST /login 200 Response: "success: false, Error: ER_NO_SUCH_TABLE: Table 'jes_first_site.abc' doesn't exist"
2024-08-06 03:24:02 [백엔드 맛보기] info : 3000 포트에서 서버가 가동되었습니다.
2024-08-06 03:24:02 [백엔드 맛보기] info : 3000 포트에서 서버가 가동되었습니다.
2024-08-06 03:24:02 [백엔드 맛보기] info : 3000 포트에서 서버가 가동되었습니다.
2024-08-06 03:24:02 [백엔드 맛보기] info : 3000 포트에서 서버가 가동되었습니다.
2024-08-06 03:24:02 [백엔드 맛보기] info : 3000 포트에서 서버가 가동되었습니다.
2024-08-06 03:25:02 [백엔드 맛보기] info : GET / 200 "회원가입 화면으로 이동"
2024-08-06 03:25:02 [백엔드 맛보기] error : POST /register 200 Response: "success: false, Error: ER_NO_SUCH_TABLE: Table 'jes_first_site.abc' doesn't exist"
2024-08-06 03:25:02 [백엔드 맛보기] info : 3000 포트에서 서버가 가동되었습니다.
2024-08-06 03:28:02 [백엔드 맛보기] info : 3000 포트에서 서버가 가동되었습니다.
2024-08-06 03:28:02 [백엔드 맛보기] info : POST /register 200 Response: "success: true, msg: undefined"
2024-08-06 03:28:02 [백엔드 맛보기] info : GET / 200 "로그인 화면으로 이동"
2024-08-06 03:28:02 [백엔드 맛보기] info : GET / 200 "회원가입 화면으로 이동"
2024-08-06 03:28:02 [백엔드 맛보기] info : 3000 포트에서 서버가 가동되었습니다.
2024-08-06 03:29:02 [백엔드 맛보기] error : POST /register 200 Response: "success: false, Error: ER_NO_SUCH_TABLE: Table 'jes_first_site.ㅁㄴㅇㅁㄴusers' doesn't exist"
2024-08-06 03:29:02 [백엔드 맛보기] info : 3000 포트에서 서버가 가동되었습니다.
